# JRE version: OpenJDK Runtime Environment (17.0.11+12) (build 17.0.11+12-LTS)
# Java VM: OpenJDK 64-Bit Server VM (17.0.11+12-LTS, mixed mode, sharing, tiered, compressed oops, compressed class ptrs, g1 gc, windows-amd64)
GC Precious Log:
 CPUs: 4 total, 4 available
 Memory: 3929M
 Large Page Support: Disabled
 NUMA Support: Disabled
 Compressed Oops: Enabled (32-bit)
 Heap Region Size: 1M
 Heap Min Capacity: 256M
 Heap Initial Capacity: 256M
 Heap Max Capacity: 512M
 Pre-touch: Disabled
 Parallel Workers: 4
 Concurrent Workers: 1
 Concurrent Refinement Workers: 4
 Periodic GC: Disabled
Heap:
 garbage-first heap   total 262144K, used 48682K [0x00000000e0000000, 0x0000000100000000)
  region size 1024K, 6 young (6144K), 2 survivors (2048K)
 Metaspace       used 50598K, committed 51136K, reserved 393216K
  class space    used 7202K, committed 7424K, reserved 327680K
GC Heap History (16 events):
Event: 10.961 GC heap before
{Heap before GC invocations=0 (full 0):
 garbage-first heap   total 262144K, used 13312K [0x00000000e0000000, 0x0000000100000000)
  region size 1024K, 13 young (13312K), 0 survivors (0K)
 Metaspace       used 810K, committed 896K, reserved 393216K
  class space    used 66K, committed 128K, reserved 327680K
}
Event: 10.964 GC heap after
{Heap after GC invocations=1 (full 0):
 garbage-first heap   total 262144K, used 1408K [0x00000000e0000000, 0x0000000100000000)
  region size 1024K, 2 young (2048K), 2 survivors (2048K)
 Metaspace       used 810K, committed 896K, reserved 393216K
  class space    used 66K, committed 128K, reserved 327680K
}
Event: 23.114 GC heap before
{Heap before GC invocations=1 (full 0):
 garbage-first heap   total 262144K, used 22912K [0x00000000e0000000, 0x0000000100000000)
  region size 1024K, 20 young (20480K), 2 survivors (2048K)
 Metaspace       used 2905K, committed 3008K, reserved 393216K
  class space    used 333K, committed 384K, reserved 327680K
}
Event: 23.120 GC heap after
{Heap after GC invocations=2 (full 0):
 garbage-first heap   total 262144K, used 10924K [0x00000000e0000000, 0x0000000100000000)
  region size 1024K, 3 young (3072K), 3 survivors (3072K)
 Metaspace       used 2905K, committed 3008K, reserved 393216K
  class space    used 333K, committed 384K, reserved 327680K
}
Event: 94.209 GC heap before
{Heap before GC invocations=2 (full 0):
 garbage-first heap   total 262144K, used 166572K [0x00000000e0000000, 0x0000000100000000)
  region size 1024K, 153 young (156672K), 3 survivors (3072K)
 Metaspace       used 18958K, committed 19328K, reserved 393216K
  class space    used 2743K, committed 2944K, reserved 327680K
}
Event: 94.325 GC heap after
{Heap after GC invocations=3 (full 0):
 garbage-first heap   total 262144K, used 22928K [0x00000000e0000000, 0x0000000100000000)
  region size 1024K, 14 young (14336K), 14 survivors (14336K)
 Metaspace       used 18958K, committed 19328K, reserved 393216K
  class space    used 2743K, committed 2944K, reserved 327680K
}
Event: 99.436 GC heap before
{Heap before GC invocations=3 (full 0):
 garbage-first heap   total 262144K, used 41360K [0x00000000e0000000, 0x0000000100000000)
  region size 1024K, 33 young (33792K), 14 survivors (14336K)
 Metaspace       used 21179K, committed 21504K, reserved 393216K
  class space    used 3073K, committed 3264K, reserved 327680K
}
Event: 99.475 GC heap after
{Heap after GC invocations=4 (full 0):
 garbage-first heap   total 262144K, used 24510K [0x00000000e0000000, 0x0000000100000000)
  region size 1024K, 2 young (2048K), 2 survivors (2048K)
 Metaspace       used 21179K, committed 21504K, reserved 393216K
  class space    used 3073K, committed 3264K, reserved 327680K
}
Event: 145.362 GC heap before
{Heap before GC invocations=5 (full 0):
 garbage-first heap   total 262144K, used 144318K [0x00000000e0000000, 0x0000000100000000)
  region size 1024K, 116 young (118784K), 2 survivors (2048K)
 Metaspace       used 35586K, committed 35968K, reserved 393216K
  class space    used 4941K, committed 5120K, reserved 327680K
}
Event: 145.544 GC heap after
{Heap after GC invocations=6 (full 0):
 garbage-first heap   total 262144K, used 32364K [0x00000000e0000000, 0x0000000100000000)
  region size 1024K, 10 young (10240K), 10 survivors (10240K)
 Metaspace       used 35586K, committed 35968K, reserved 393216K
  class space    used 4941K, committed 5120K, reserved 327680K
}
Event: 148.835 GC heap before
{Heap before GC invocations=7 (full 0):
 garbage-first heap   total 262144K, used 66156K [0x00000000e0000000, 0x0000000100000000)
  region size 1024K, 42 young (43008K), 10 survivors (10240K)
 Metaspace       used 39670K, committed 40064K, reserved 393216K
  class space    used 5474K, committed 5632K, reserved 327680K
}
Event: 148.856 GC heap after
{Heap after GC invocations=8 (full 0):
 garbage-first heap   total 262144K, used 33792K [0x00000000e0000000, 0x0000000100000000)
  region size 1024K, 2 young (2048K), 2 survivors (2048K)
 Metaspace       used 39670K, committed 40064K, reserved 393216K
  class space    used 5474K, committed 5632K, reserved 327680K
}
Event: 209.634 GC heap before
{Heap before GC invocations=8 (full 0):
 garbage-first heap   total 262144K, used 188416K [0x00000000e0000000, 0x0000000100000000)
  region size 1024K, 153 young (156672K), 2 survivors (2048K)
 Metaspace       used 50584K, committed 51136K, reserved 393216K
  class space    used 7198K, committed 7424K, reserved 327680K
}
Event: 210.216 GC heap after
{Heap after GC invocations=9 (full 0):
 garbage-first heap   total 262144K, used 44032K [0x00000000e0000000, 0x0000000100000000)
  region size 1024K, 12 young (12288K), 12 survivors (12288K)
 Metaspace       used 50584K, committed 51136K, reserved 393216K
  class space    used 7198K, committed 7424K, reserved 327680K
}
Event: 216.591 GC heap before
{Heap before GC invocations=9 (full 0):
 garbage-first heap   total 262144K, used 45056K [0x00000000e0000000, 0x0000000100000000)
  region size 1024K, 13 young (13312K), 12 survivors (12288K)
 Metaspace       used 50584K, committed 51136K, reserved 393216K
  class space    used 7198K, committed 7424K, reserved 327680K
}
Event: 216.643 GC heap after
{Heap after GC invocations=10 (full 0):
 garbage-first heap   total 262144K, used 45610K [0x00000000e0000000, 0x0000000100000000)
  region size 1024K, 2 young (2048K), 2 survivors (2048K)
 Metaspace       used 50584K, committed 51136K, reserved 393216K
  class space    used 7198K, committed 7424K, reserved 327680K
}

