# JRE version: OpenJDK Runtime Environment (17.0.11+12) (build 17.0.11+12-LTS)
# Java VM: OpenJDK 64-Bit Server VM (17.0.11+12-LTS, mixed mode, sharing, tiered, compressed oops, compressed class ptrs, g1 gc, windows-amd64)
GC Precious Log:
 CPUs: 4 total, 4 available
 Memory: 3929M
 Large Page Support: Disabled
 NUMA Support: Disabled
 Compressed Oops: Enabled (32-bit)
 Heap Region Size: 1M
 Heap Min Capacity: 256M
 Heap Initial Capacity: 256M
 Heap Max Capacity: 512M
 Pre-touch: Disabled
 Parallel Workers: 4
 Concurrent Workers: 1
 Concurrent Refinement Workers: 4
 Periodic GC: Disabled
Heap:
 garbage-first heap   total 329728K, used 229462K [0x00000000e0000000, 0x0000000100000000)
  region size 1024K, 122 young (124928K), 3 survivors (3072K)
 Metaspace       used 98210K, committed 99648K, reserved 458752K
  class space    used 12848K, committed 13568K, reserved 327680K
GC Heap History (20 events):
Event: 6176.392 GC heap before
{Heap before GC invocations=109 (full 0):
 garbage-first heap   total 329728K, used 159539K [0x00000000e0000000, 0x0000000100000000)
  region size 1024K, 57 young (58368K), 4 survivors (4096K)
 Metaspace       used 96259K, committed 98752K, reserved 458752K
  class space    used 12640K, committed 13568K, reserved 327680K
}
Event: 6176.431 GC heap after
{Heap after GC invocations=110 (full 0):
 garbage-first heap   total 329728K, used 111023K [0x00000000e0000000, 0x0000000100000000)
  region size 1024K, 8 young (8192K), 8 survivors (8192K)
 Metaspace       used 96259K, committed 98752K, reserved 458752K
  class space    used 12640K, committed 13568K, reserved 327680K
}
Event: 6178.468 GC heap before
{Heap before GC invocations=110 (full 0):
 garbage-first heap   total 329728K, used 162223K [0x00000000e0000000, 0x0000000100000000)
  region size 1024K, 59 young (60416K), 8 survivors (8192K)
 Metaspace       used 96259K, committed 98752K, reserved 458752K
  class space    used 12640K, committed 13568K, reserved 327680K
}
Event: 6178.532 GC heap after
{Heap after GC invocations=111 (full 0):
 garbage-first heap   total 329728K, used 117445K [0x00000000e0000000, 0x0000000100000000)
  region size 1024K, 7 young (7168K), 7 survivors (7168K)
 Metaspace       used 96259K, committed 98752K, reserved 458752K
  class space    used 12640K, committed 13568K, reserved 327680K
}
Event: 6187.953 GC heap before
{Heap before GC invocations=111 (full 0):
 garbage-first heap   total 329728K, used 214725K [0x00000000e0000000, 0x0000000100000000)
  region size 1024K, 102 young (104448K), 7 survivors (7168K)
 Metaspace       used 96295K, committed 98752K, reserved 458752K
  class space    used 12641K, committed 13568K, reserved 327680K
}
Event: 6188.045 GC heap after
{Heap after GC invocations=112 (full 0):
 garbage-first heap   total 329728K, used 126976K [0x00000000e0000000, 0x0000000100000000)
  region size 1024K, 13 young (13312K), 13 survivors (13312K)
 Metaspace       used 96295K, committed 98752K, reserved 458752K
  class space    used 12641K, committed 13568K, reserved 327680K
}
Event: 6188.905 GC heap before
{Heap before GC invocations=112 (full 0):
 garbage-first heap   total 329728K, used 173056K [0x00000000e0000000, 0x0000000100000000)
  region size 1024K, 58 young (59392K), 13 survivors (13312K)
 Metaspace       used 96295K, committed 98752K, reserved 458752K
  class space    used 12641K, committed 13568K, reserved 327680K
}
Event: 6188.987 GC heap after
{Heap after GC invocations=113 (full 0):
 garbage-first heap   total 329728K, used 130717K [0x00000000e0000000, 0x0000000100000000)
  region size 1024K, 5 young (5120K), 5 survivors (5120K)
 Metaspace       used 96295K, committed 98752K, reserved 458752K
  class space    used 12641K, committed 13568K, reserved 327680K
}
Event: 6268.268 GC heap before
{Heap before GC invocations=114 (full 0):
 garbage-first heap   total 329728K, used 253597K [0x00000000e0000000, 0x0000000100000000)
  region size 1024K, 136 young (139264K), 5 survivors (5120K)
 Metaspace       used 96303K, committed 98752K, reserved 458752K
  class space    used 12641K, committed 13568K, reserved 327680K
}
Event: 6268.420 GC heap after
{Heap after GC invocations=115 (full 0):
 garbage-first heap   total 329728K, used 131229K [0x00000000e0000000, 0x0000000100000000)
  region size 1024K, 15 young (15360K), 15 survivors (15360K)
 Metaspace       used 96303K, committed 98752K, reserved 458752K
  class space    used 12641K, committed 13568K, reserved 327680K
}
Event: 6268.501 GC heap before
{Heap before GC invocations=115 (full 0):
 garbage-first heap   total 329728K, used 132253K [0x00000000e0000000, 0x0000000100000000)
  region size 1024K, 16 young (16384K), 15 survivors (15360K)
 Metaspace       used 96303K, committed 98752K, reserved 458752K
  class space    used 12641K, committed 13568K, reserved 327680K
}
Event: 6268.688 GC heap after
{Heap after GC invocations=116 (full 0):
 garbage-first heap   total 329728K, used 116332K [0x00000000e0000000, 0x0000000100000000)
  region size 1024K, 2 young (2048K), 2 survivors (2048K)
 Metaspace       used 96303K, committed 98752K, reserved 458752K
  class space    used 12641K, committed 13568K, reserved 327680K
}
Event: 6270.383 GC heap before
{Heap before GC invocations=116 (full 0):
 garbage-first heap   total 329728K, used 129644K [0x00000000e0000000, 0x0000000100000000)
  region size 1024K, 16 young (16384K), 2 survivors (2048K)
 Metaspace       used 96312K, committed 98752K, reserved 458752K
  class space    used 12641K, committed 13568K, reserved 327680K
}
Event: 6270.446 GC heap after
{Heap after GC invocations=117 (full 0):
 garbage-first heap   total 329728K, used 113664K [0x00000000e0000000, 0x0000000100000000)
  region size 1024K, 1 young (1024K), 1 survivors (1024K)
 Metaspace       used 96312K, committed 98752K, reserved 458752K
  class space    used 12641K, committed 13568K, reserved 327680K
}
Event: 6447.428 GC heap before
{Heap before GC invocations=117 (full 0):
 garbage-first heap   total 329728K, used 261120K [0x00000000e0000000, 0x0000000100000000)
  region size 1024K, 146 young (149504K), 1 survivors (1024K)
 Metaspace       used 96363K, committed 98752K, reserved 458752K
  class space    used 12642K, committed 13568K, reserved 327680K
}
Event: 6447.570 GC heap after
{Heap after GC invocations=118 (full 0):
 garbage-first heap   total 329728K, used 114519K [0x00000000e0000000, 0x0000000100000000)
  region size 1024K, 2 young (2048K), 2 survivors (2048K)
 Metaspace       used 96363K, committed 98752K, reserved 458752K
  class space    used 12642K, committed 13568K, reserved 327680K
}
Event: 6451.985 GC heap before
{Heap before GC invocations=118 (full 0):
 garbage-first heap   total 329728K, used 230231K [0x00000000e0000000, 0x0000000100000000)
  region size 1024K, 115 young (117760K), 2 survivors (2048K)
 Metaspace       used 96386K, committed 98752K, reserved 458752K
  class space    used 12643K, committed 13568K, reserved 327680K
}
Event: 6452.065 GC heap after
{Heap after GC invocations=119 (full 0):
 garbage-first heap   total 329728K, used 126525K [0x00000000e0000000, 0x0000000100000000)
  region size 1024K, 14 young (14336K), 14 survivors (14336K)
 Metaspace       used 96386K, committed 98752K, reserved 458752K
  class space    used 12643K, committed 13568K, reserved 327680K
}
Event: 6452.655 GC heap before
{Heap before GC invocations=119 (full 0):
 garbage-first heap   total 329728K, used 142909K [0x00000000e0000000, 0x0000000100000000)
  region size 1024K, 31 young (31744K), 14 survivors (14336K)
 Metaspace       used 96397K, committed 98752K, reserved 458752K
  class space    used 12643K, committed 13568K, reserved 327680K
}
Event: 6452.746 GC heap after
{Heap after GC invocations=120 (full 0):
 garbage-first heap   total 329728K, used 123990K [0x00000000e0000000, 0x0000000100000000)
  region size 1024K, 3 young (3072K), 3 survivors (3072K)
 Metaspace       used 96397K, committed 98752K, reserved 458752K
  class space    used 12643K, committed 13568K, reserved 327680K
}

