# JRE version: OpenJDK Runtime Environment (17.0.11+12) (build 17.0.11+12-LTS)
# Java VM: OpenJDK 64-Bit Server VM (17.0.11+12-LTS, mixed mode, sharing, tiered, compressed oops, compressed class ptrs, g1 gc, windows-amd64)
GC Precious Log:
 CPUs: 4 total, 4 available
 Memory: 3929M
 Large Page Support: Disabled
 NUMA Support: Disabled
 Compressed Oops: Enabled (32-bit)
 Heap Region Size: 1M
 Heap Min Capacity: 8M
 Heap Initial Capacity: 62M
 Heap Max Capacity: 984M
 Pre-touch: Disabled
 Parallel Workers: 4
 Concurrent Workers: 1
 Concurrent Refinement Workers: 4
 Periodic GC: Disabled
Heap:
 garbage-first heap   total 124928K, used 49286K [0x00000000c2800000, 0x0000000100000000)
  region size 1024K, 24 young (24576K), 4 survivors (4096K)
 Metaspace       used 49942K, committed 50816K, reserved 1114112K
  class space    used 6636K, committed 6976K, reserved 1048576K
GC Heap History (20 events):
Event: 24.130 GC heap before
{Heap before GC invocations=23 (full 0):
 garbage-first heap   total 60416K, used 42839K [0x00000000c2800000, 0x0000000100000000)
  region size 1024K, 12 young (12288K), 2 survivors (2048K)
 Metaspace       used 34879K, committed 35392K, reserved 1114112K
  class space    used 4725K, committed 4992K, reserved 1048576K
}
Event: 24.135 GC heap after
{Heap after GC invocations=24 (full 0):
 garbage-first heap   total 60416K, used 35650K [0x00000000c2800000, 0x0000000100000000)
  region size 1024K, 2 young (2048K), 2 survivors (2048K)
 Metaspace       used 34879K, committed 35392K, reserved 1114112K
  class space    used 4725K, committed 4992K, reserved 1048576K
}
Event: 24.156 GC heap before
{Heap before GC invocations=24 (full 0):
 garbage-first heap   total 60416K, used 36674K [0x00000000c2800000, 0x0000000100000000)
  region size 1024K, 3 young (3072K), 2 survivors (2048K)
 Metaspace       used 34879K, committed 35392K, reserved 1114112K
  class space    used 4725K, committed 4992K, reserved 1048576K
}
Event: 24.159 GC heap after
{Heap after GC invocations=25 (full 0):
 garbage-first heap   total 60416K, used 30401K [0x00000000c2800000, 0x0000000100000000)
  region size 1024K, 1 young (1024K), 1 survivors (1024K)
 Metaspace       used 34879K, committed 35392K, reserved 1114112K
  class space    used 4725K, committed 4992K, reserved 1048576K
}
Event: 24.203 GC heap before
{Heap before GC invocations=25 (full 0):
 garbage-first heap   total 60416K, used 31425K [0x00000000c2800000, 0x0000000100000000)
  region size 1024K, 2 young (2048K), 1 survivors (1024K)
 Metaspace       used 34879K, committed 35392K, reserved 1114112K
  class space    used 4725K, committed 4992K, reserved 1048576K
}
Event: 24.205 GC heap after
{Heap after GC invocations=26 (full 0):
 garbage-first heap   total 126976K, used 29931K [0x00000000c2800000, 0x0000000100000000)
  region size 1024K, 1 young (1024K), 1 survivors (1024K)
 Metaspace       used 34879K, committed 35392K, reserved 1114112K
  class space    used 4725K, committed 4992K, reserved 1048576K
}
Event: 52.325 GC heap before
{Heap before GC invocations=26 (full 0):
 garbage-first heap   total 126976K, used 80107K [0x00000000c2800000, 0x0000000100000000)
  region size 1024K, 51 young (52224K), 1 survivors (1024K)
 Metaspace       used 40525K, committed 41024K, reserved 1114112K
  class space    used 5527K, committed 5760K, reserved 1048576K
}
Event: 52.446 GC heap after
{Heap after GC invocations=27 (full 0):
 garbage-first heap   total 126976K, used 36457K [0x00000000c2800000, 0x0000000100000000)
  region size 1024K, 7 young (7168K), 7 survivors (7168K)
 Metaspace       used 40525K, committed 41024K, reserved 1114112K
  class space    used 5527K, committed 5760K, reserved 1048576K
}
Event: 259.363 GC heap before
{Heap before GC invocations=27 (full 0):
 garbage-first heap   total 126976K, used 74345K [0x00000000c2800000, 0x0000000100000000)
  region size 1024K, 45 young (46080K), 7 survivors (7168K)
 Metaspace       used 50083K, committed 50752K, reserved 1114112K
  class space    used 6673K, committed 6976K, reserved 1048576K
}
Event: 259.856 GC heap after
{Heap after GC invocations=28 (full 1):
 garbage-first heap   total 78848K, used 21677K [0x00000000c2800000, 0x0000000100000000)
  region size 1024K, 0 young (0K), 0 survivors (0K)
 Metaspace       used 50083K, committed 50752K, reserved 1114112K
  class space    used 6673K, committed 6976K, reserved 1048576K
}
Event: 263.840 GC heap before
{Heap before GC invocations=28 (full 1):
 garbage-first heap   total 78848K, used 52397K [0x00000000c2800000, 0x0000000100000000)
  region size 1024K, 30 young (30720K), 0 survivors (0K)
 Metaspace       used 50137K, committed 50816K, reserved 1114112K
  class space    used 6686K, committed 6976K, reserved 1048576K
}
Event: 263.856 GC heap after
{Heap after GC invocations=29 (full 1):
 garbage-first heap   total 78848K, used 24492K [0x00000000c2800000, 0x0000000100000000)
  region size 1024K, 3 young (3072K), 3 survivors (3072K)
 Metaspace       used 50137K, committed 50816K, reserved 1114112K
  class space    used 6686K, committed 6976K, reserved 1048576K
}
Event: 266.824 GC heap before
{Heap before GC invocations=30 (full 1):
 garbage-first heap   total 78848K, used 54188K [0x00000000c2800000, 0x0000000100000000)
  region size 1024K, 32 young (32768K), 3 survivors (3072K)
 Metaspace       used 49900K, committed 50816K, reserved 1114112K
  class space    used 6627K, committed 6976K, reserved 1048576K
}
Event: 267.032 GC heap after
{Heap after GC invocations=31 (full 1):
 garbage-first heap   total 78848K, used 26407K [0x00000000c2800000, 0x0000000100000000)
  region size 1024K, 3 young (3072K), 3 survivors (3072K)
 Metaspace       used 49900K, committed 50816K, reserved 1114112K
  class space    used 6627K, committed 6976K, reserved 1048576K
}
Event: 268.136 GC heap before
{Heap before GC invocations=31 (full 1):
 garbage-first heap   total 78848K, used 54055K [0x00000000c2800000, 0x0000000100000000)
  region size 1024K, 31 young (31744K), 3 survivors (3072K)
 Metaspace       used 49926K, committed 50816K, reserved 1114112K
  class space    used 6631K, committed 6976K, reserved 1048576K
}
Event: 268.187 GC heap after
{Heap after GC invocations=32 (full 1):
 garbage-first heap   total 78848K, used 27397K [0x00000000c2800000, 0x0000000100000000)
  region size 1024K, 2 young (2048K), 2 survivors (2048K)
 Metaspace       used 49926K, committed 50816K, reserved 1114112K
  class space    used 6631K, committed 6976K, reserved 1048576K
}
Event: 268.809 GC heap before
{Heap before GC invocations=32 (full 1):
 garbage-first heap   total 78848K, used 56069K [0x00000000c2800000, 0x0000000100000000)
  region size 1024K, 31 young (31744K), 2 survivors (2048K)
 Metaspace       used 49926K, committed 50816K, reserved 1114112K
  class space    used 6631K, committed 6976K, reserved 1048576K
}
Event: 268.840 GC heap after
{Heap after GC invocations=33 (full 1):
 garbage-first heap   total 78848K, used 28651K [0x00000000c2800000, 0x0000000100000000)
  region size 1024K, 3 young (3072K), 3 survivors (3072K)
 Metaspace       used 49926K, committed 50816K, reserved 1114112K
  class space    used 6631K, committed 6976K, reserved 1048576K
}
Event: 269.341 GC heap before
{Heap before GC invocations=33 (full 1):
 garbage-first heap   total 78848K, used 56299K [0x00000000c2800000, 0x0000000100000000)
  region size 1024K, 31 young (31744K), 3 survivors (3072K)
 Metaspace       used 49938K, committed 50816K, reserved 1114112K
  class space    used 6634K, committed 6976K, reserved 1048576K
}
Event: 269.357 GC heap after
{Heap after GC invocations=34 (full 1):
 garbage-first heap   total 124928K, used 29830K [0x00000000c2800000, 0x0000000100000000)
  region size 1024K, 4 young (4096K), 4 survivors (4096K)
 Metaspace       used 49938K, committed 50816K, reserved 1114112K
  class space    used 6634K, committed 6976K, reserved 1048576K
}

